2019-03-09 15:15:08.570  INFO 15684 --- [restartedMain] com.locrep.npm.Npm                       : Starting Npm on DESKTOP-A0Q116Q with PID 15684 (C:\Users\murat\Documents\workspace-spring-tool-suite-4-4.1.1.RELEASE\locrep\target\classes started by murat in C:\Users\murat\Documents\workspace-spring-tool-suite-4-4.1.1.RELEASE\locrep)
2019-03-09 15:15:08.577  INFO 15684 --- [restartedMain] com.locrep.npm.Npm                       : No active profile set, falling back to default profiles: default
2019-03-09 15:15:08.619  INFO 15684 --- [restartedMain] .e.DevToolsPropertyDefaultsPostProcessor : Devtools property defaults active! Set 'spring.devtools.add-properties' to 'false' to disable
2019-03-09 15:15:08.620  INFO 15684 --- [restartedMain] .e.DevToolsPropertyDefaultsPostProcessor : For additional web related logging consider setting the 'logging.level.web' property to 'DEBUG'
2019-03-09 15:15:09.959  INFO 15684 --- [restartedMain] o.s.b.w.embedded.tomcat.TomcatWebServer  : Tomcat initialized with port(s): 8080 (http)
2019-03-09 15:15:09.980  INFO 15684 --- [restartedMain] o.apache.catalina.core.StandardService   : Starting service [Tomcat]
2019-03-09 15:15:09.981  INFO 15684 --- [restartedMain] org.apache.catalina.core.StandardEngine  : Starting Servlet engine: [Apache Tomcat/9.0.16]
2019-03-09 15:15:09.987  INFO 15684 --- [restartedMain] o.a.catalina.core.AprLifecycleListener   : The APR based Apache Tomcat Native library which allows optimal performance in production environments was not found on the java.library.path: [C:\Program Files\Java\jre1.8.0_192\bin;C:\WINDOWS\Sun\Java\bin;C:\WINDOWS\system32;C:\WINDOWS;C:\Program Files (x86)\Common Files\Oracle\Java\javapath;C:\Program Files (x86)\Intel\iCLS Client\;C:\Program Files\Intel\iCLS Client\;C:\windows\system32;C:\windows;C:\windows\System32\Wbem;C:\windows\System32\WindowsPowerShell\v1.0\;C:\Program Files (x86)\Intel\Intel(R) Management Engine Components\DAL;C:\Program Files\Intel\Intel(R) Management Engine Components\DAL;C:\Program Files (x86)\Intel\Intel(R) Management Engine Components\IPT;C:\Program Files\Intel\Intel(R) Management Engine Components\IPT;C:\Program Files (x86)\NVIDIA Corporation\PhysX\Common;C:\WINDOWS\system32;C:\WINDOWS;C:\WINDOWS\System32\Wbem;C:\WINDOWS\System32\WindowsPowerShell\v1.0\;C:\WINDOWS\System32\OpenSSH\;C:\Program Files\nodejs\;C:\Program Files\Intel\WiFi\bin\;C:\Program Files\Common Files\Intel\WirelessCommon\;C:\Users\murat\AppData\Local\Microsoft\WindowsApps;C:\Users\murat\AppData\Local\GitHubDesktop\bin;C:\Users\murat\AppData\Local\Microsoft\WindowsApps;C:\Users\murat\AppData\Roaming\npm;.]
2019-03-09 15:15:10.048  INFO 15684 --- [restartedMain] o.a.c.c.C.[Tomcat].[localhost].[/]       : Initializing Spring embedded WebApplicationContext
2019-03-09 15:15:10.049 DEBUG 15684 --- [restartedMain] o.s.web.context.ContextLoader            : Published root WebApplicationContext as ServletContext attribute with name [org.springframework.web.context.WebApplicationContext.ROOT]
2019-03-09 15:15:10.049  INFO 15684 --- [restartedMain] o.s.web.context.ContextLoader            : Root WebApplicationContext: initialization completed in 1429 ms
2019-03-09 15:15:10.257 DEBUG 15684 --- [restartedMain] o.s.w.s.handler.SimpleUrlHandlerMapping  : Patterns [/**/favicon.ico] in 'faviconHandlerMapping'
2019-03-09 15:15:10.331  INFO 15684 --- [restartedMain] o.s.s.concurrent.ThreadPoolTaskExecutor  : Initializing ExecutorService 'applicationTaskExecutor'
2019-03-09 15:15:10.341 DEBUG 15684 --- [restartedMain] s.w.s.m.m.a.RequestMappingHandlerAdapter : ControllerAdvice beans: 0 @ModelAttribute, 0 @InitBinder, 1 RequestBodyAdvice, 1 ResponseBodyAdvice
2019-03-09 15:15:10.378 DEBUG 15684 --- [restartedMain] s.w.s.m.m.a.RequestMappingHandlerMapping : 2 mappings in 'requestMappingHandlerMapping'
2019-03-09 15:15:10.386 DEBUG 15684 --- [restartedMain] o.s.w.s.handler.SimpleUrlHandlerMapping  : Patterns [/webjars/**, /**] in 'resourceHandlerMapping'
2019-03-09 15:15:10.393 DEBUG 15684 --- [restartedMain] .m.m.a.ExceptionHandlerExceptionResolver : ControllerAdvice beans: 0 @ExceptionHandler, 1 ResponseBodyAdvice
2019-03-09 15:15:10.407  INFO 15684 --- [restartedMain] o.s.b.a.w.s.WelcomePageHandlerMapping    : Adding welcome page: ServletContext resource [/index.html]
2019-03-09 15:15:10.540  INFO 15684 --- [restartedMain] o.s.b.d.a.OptionalLiveReloadServer       : LiveReload server is running on port 35729
2019-03-09 15:15:10.546  INFO 15684 --- [restartedMain] o.s.b.a.e.web.EndpointLinksResolver      : Exposing 1 endpoint(s) beneath base path '/actuator'
2019-03-09 15:15:10.611  INFO 15684 --- [restartedMain] o.s.b.w.embedded.tomcat.TomcatWebServer  : Tomcat started on port(s): 8080 (http) with context path ''
2019-03-09 15:15:10.670  INFO 15684 --- [restartedMain] com.locrep.npm.Npm                       : Started Npm in 2.501 seconds (JVM running for 3.592)
2019-03-09 15:17:02.678  INFO 15684 --- [http-nio-8080-exec-2] o.a.c.c.C.[Tomcat].[localhost].[/]       : Initializing Spring DispatcherServlet 'dispatcherServlet'
2019-03-09 15:17:02.680  INFO 15684 --- [http-nio-8080-exec-2] o.s.web.servlet.DispatcherServlet        : Initializing Servlet 'dispatcherServlet'
2019-03-09 15:17:02.680 DEBUG 15684 --- [http-nio-8080-exec-2] o.s.web.servlet.DispatcherServlet        : Detected StandardServletMultipartResolver
2019-03-09 15:17:02.690 DEBUG 15684 --- [http-nio-8080-exec-2] o.s.web.servlet.DispatcherServlet        : enableLoggingRequestDetails='false': request parameters and headers will be masked to prevent unsafe logging of potentially sensitive data
2019-03-09 15:17:02.690  INFO 15684 --- [http-nio-8080-exec-2] o.s.web.servlet.DispatcherServlet        : Completed initialization in 10 ms
2019-03-09 15:17:02.707 DEBUG 15684 --- [http-nio-8080-exec-2] o.s.web.servlet.DispatcherServlet        : GET "/LocRep/", parameters={}
2019-03-09 15:17:02.714 DEBUG 15684 --- [http-nio-8080-exec-2] o.s.w.s.handler.SimpleUrlHandlerMapping  : Mapped to ResourceHttpRequestHandler ["classpath:/META-INF/resources/", "classpath:/resources/", "classpath:/static/", "classpath:/public/", "/"]
2019-03-09 15:17:02.717 DEBUG 15684 --- [http-nio-8080-exec-2] o.s.w.s.r.ResourceHttpRequestHandler     : Resource not found
2019-03-09 15:17:02.717 DEBUG 15684 --- [http-nio-8080-exec-2] o.s.web.servlet.DispatcherServlet        : Completed 404 NOT_FOUND
2019-03-09 15:17:02.729 DEBUG 15684 --- [http-nio-8080-exec-2] o.s.web.servlet.DispatcherServlet        : "ERROR" dispatch for GET "/error", parameters={}
2019-03-09 15:17:02.738 DEBUG 15684 --- [http-nio-8080-exec-2] s.w.s.m.m.a.RequestMappingHandlerMapping : Mapped to public org.springframework.web.servlet.ModelAndView org.springframework.boot.autoconfigure.web.servlet.error.BasicErrorController.errorHtml(javax.servlet.http.HttpServletRequest,javax.servlet.http.HttpServletResponse)
2019-03-09 15:17:02.757 DEBUG 15684 --- [http-nio-8080-exec-2] o.s.w.s.v.ContentNegotiatingViewResolver : Selected 'text/html' given [text/html, text/html;q=0.8]
2019-03-09 15:17:02.761 DEBUG 15684 --- [http-nio-8080-exec-2] o.s.web.servlet.DispatcherServlet        : Exiting from "ERROR" dispatch, status 404
2019-03-09 15:17:02.814 DEBUG 15684 --- [http-nio-8080-exec-1] o.s.web.servlet.DispatcherServlet        : GET "/favicon.ico", parameters={}
2019-03-09 15:17:02.815 DEBUG 15684 --- [http-nio-8080-exec-1] o.s.w.s.handler.SimpleUrlHandlerMapping  : Mapped to ResourceHttpRequestHandler [class path resource [META-INF/resources/], class path resource [resources/], class path resource [static/], class path resource [public/], ServletContext resource [/], class path resource []]
2019-03-09 15:17:02.844 DEBUG 15684 --- [http-nio-8080-exec-1] o.s.web.servlet.DispatcherServlet        : Completed 200 OK
2019-03-09 15:17:08.743 DEBUG 15684 --- [http-nio-8080-exec-3] o.s.web.servlet.DispatcherServlet        : GET "/", parameters={}
2019-03-09 15:17:08.746 DEBUG 15684 --- [http-nio-8080-exec-3] o.s.w.s.v.ContentNegotiatingViewResolver : Selected 'text/html' given [text/html, application/xhtml+xml, image/webp, image/apng, application/xml;q=0.9, */*;q=0.8]
2019-03-09 15:17:08.746 DEBUG 15684 --- [http-nio-8080-exec-3] o.s.w.servlet.view.InternalResourceView  : View name 'forward:', model {}
2019-03-09 15:17:08.748 DEBUG 15684 --- [http-nio-8080-exec-3] o.s.w.servlet.view.InternalResourceView  : Forwarding to [index.html]
2019-03-09 15:17:08.749 DEBUG 15684 --- [http-nio-8080-exec-3] o.s.web.servlet.DispatcherServlet        : "FORWARD" dispatch for GET "/index.html", parameters={}
2019-03-09 15:17:08.750 DEBUG 15684 --- [http-nio-8080-exec-3] o.s.w.s.handler.SimpleUrlHandlerMapping  : Mapped to ResourceHttpRequestHandler ["classpath:/META-INF/resources/", "classpath:/resources/", "classpath:/static/", "classpath:/public/", "/"]
2019-03-09 15:17:08.757 DEBUG 15684 --- [http-nio-8080-exec-3] o.s.web.servlet.DispatcherServlet        : Exiting from "FORWARD" dispatch, status 200
2019-03-09 15:17:08.757 DEBUG 15684 --- [http-nio-8080-exec-3] o.s.web.servlet.DispatcherServlet        : Completed 200 OK
2019-03-09 15:17:08.777 DEBUG 15684 --- [http-nio-8080-exec-4] o.s.web.servlet.DispatcherServlet        : GET "/assets/css/cs-skin-elastic.css", parameters={}
2019-03-09 15:17:08.778 DEBUG 15684 --- [http-nio-8080-exec-5] o.s.web.servlet.DispatcherServlet        : GET "/assets/css/style.css", parameters={}
2019-03-09 15:17:08.779 DEBUG 15684 --- [http-nio-8080-exec-4] o.s.w.s.handler.SimpleUrlHandlerMapping  : Mapped to ResourceHttpRequestHandler ["classpath:/META-INF/resources/", "classpath:/resources/", "classpath:/static/", "classpath:/public/", "/"]
2019-03-09 15:17:08.779 DEBUG 15684 --- [http-nio-8080-exec-5] o.s.w.s.handler.SimpleUrlHandlerMapping  : Mapped to ResourceHttpRequestHandler ["classpath:/META-INF/resources/", "classpath:/resources/", "classpath:/static/", "classpath:/public/", "/"]
2019-03-09 15:17:08.787 DEBUG 15684 --- [http-nio-8080-exec-6] o.s.web.servlet.DispatcherServlet        : GET "/images/logo.png", parameters={}
2019-03-09 15:17:08.790 DEBUG 15684 --- [http-nio-8080-exec-7] o.s.web.servlet.DispatcherServlet        : GET "/images/logo2.png", parameters={}
2019-03-09 15:17:08.792 DEBUG 15684 --- [http-nio-8080-exec-7] o.s.w.s.handler.SimpleUrlHandlerMapping  : Mapped to ResourceHttpRequestHandler ["classpath:/META-INF/resources/", "classpath:/resources/", "classpath:/static/", "classpath:/public/", "/"]
2019-03-09 15:17:08.792 DEBUG 15684 --- [http-nio-8080-exec-6] o.s.w.s.handler.SimpleUrlHandlerMapping  : Mapped to ResourceHttpRequestHandler ["classpath:/META-INF/resources/", "classpath:/resources/", "classpath:/static/", "classpath:/public/", "/"]
2019-03-09 15:17:08.793 DEBUG 15684 --- [http-nio-8080-exec-4] o.s.web.servlet.DispatcherServlet        : Completed 200 OK
2019-03-09 15:17:08.798 DEBUG 15684 --- [http-nio-8080-exec-5] o.s.web.servlet.DispatcherServlet        : Completed 200 OK
2019-03-09 15:17:08.804 DEBUG 15684 --- [http-nio-8080-exec-10] o.s.web.servlet.DispatcherServlet        : GET "/assets/js/init/weather-init.js", parameters={}
2019-03-09 15:17:08.806 DEBUG 15684 --- [http-nio-8080-exec-7] o.s.web.servlet.DispatcherServlet        : Completed 200 OK
2019-03-09 15:17:08.806 DEBUG 15684 --- [http-nio-8080-exec-5] o.s.web.servlet.DispatcherServlet        : GET "/assets/js/init/fullcalendar-init.js", parameters={}
2019-03-09 15:17:08.809 DEBUG 15684 --- [http-nio-8080-exec-10] o.s.w.s.handler.SimpleUrlHandlerMapping  : Mapped to ResourceHttpRequestHandler ["classpath:/META-INF/resources/", "classpath:/resources/", "classpath:/static/", "classpath:/public/", "/"]
2019-03-09 15:17:08.810 DEBUG 15684 --- [http-nio-8080-exec-8] o.s.web.servlet.DispatcherServlet        : GET "/assets/js/main.js", parameters={}
2019-03-09 15:17:08.810 DEBUG 15684 --- [http-nio-8080-exec-5] o.s.w.s.handler.SimpleUrlHandlerMapping  : Mapped to ResourceHttpRequestHandler ["classpath:/META-INF/resources/", "classpath:/resources/", "classpath:/static/", "classpath:/public/", "/"]
2019-03-09 15:17:08.811 DEBUG 15684 --- [http-nio-8080-exec-8] o.s.w.s.handler.SimpleUrlHandlerMapping  : Mapped to ResourceHttpRequestHandler ["classpath:/META-INF/resources/", "classpath:/resources/", "classpath:/static/", "classpath:/public/", "/"]
2019-03-09 15:17:08.809 DEBUG 15684 --- [http-nio-8080-exec-6] o.s.web.servlet.DispatcherServlet        : Completed 200 OK
2019-03-09 15:17:08.815 DEBUG 15684 --- [http-nio-8080-exec-9] o.s.web.servlet.DispatcherServlet        : GET "/images/avatar/1.jpg", parameters={}
2019-03-09 15:17:08.816 DEBUG 15684 --- [http-nio-8080-exec-5] o.s.web.servlet.DispatcherServlet        : Completed 200 OK
2019-03-09 15:17:08.823 DEBUG 15684 --- [http-nio-8080-exec-2] o.s.web.servlet.DispatcherServlet        : GET "/images/avatar/2.jpg", parameters={}
2019-03-09 15:17:08.815 DEBUG 15684 --- [http-nio-8080-exec-10] o.s.web.servlet.DispatcherServlet        : Completed 200 OK
2019-03-09 15:17:08.824 DEBUG 15684 --- [http-nio-8080-exec-8] o.s.web.servlet.DispatcherServlet        : Completed 200 OK
2019-03-09 15:17:08.826 DEBUG 15684 --- [http-nio-8080-exec-9] o.s.w.s.handler.SimpleUrlHandlerMapping  : Mapped to ResourceHttpRequestHandler ["classpath:/META-INF/resources/", "classpath:/resources/", "classpath:/static/", "classpath:/public/", "/"]
2019-03-09 15:17:08.826 DEBUG 15684 --- [http-nio-8080-exec-2] o.s.w.s.handler.SimpleUrlHandlerMapping  : Mapped to ResourceHttpRequestHandler ["classpath:/META-INF/resources/", "classpath:/resources/", "classpath:/static/", "classpath:/public/", "/"]
2019-03-09 15:17:08.829 DEBUG 15684 --- [http-nio-8080-exec-1] o.s.web.servlet.DispatcherServlet        : GET "/images/avatar/3.jpg", parameters={}
2019-03-09 15:17:08.829 DEBUG 15684 --- [http-nio-8080-exec-3] o.s.web.servlet.DispatcherServlet        : GET "/images/avatar/4.jpg", parameters={}
2019-03-09 15:17:08.830 DEBUG 15684 --- [http-nio-8080-exec-4] o.s.web.servlet.DispatcherServlet        : GET "/images/admin.jpg", parameters={}
2019-03-09 15:17:08.830 DEBUG 15684 --- [http-nio-8080-exec-1] o.s.w.s.handler.SimpleUrlHandlerMapping  : Mapped to ResourceHttpRequestHandler ["classpath:/META-INF/resources/", "classpath:/resources/", "classpath:/static/", "classpath:/public/", "/"]
2019-03-09 15:17:08.830 DEBUG 15684 --- [http-nio-8080-exec-3] o.s.w.s.handler.SimpleUrlHandlerMapping  : Mapped to ResourceHttpRequestHandler ["classpath:/META-INF/resources/", "classpath:/resources/", "classpath:/static/", "classpath:/public/", "/"]
2019-03-09 15:17:08.831 DEBUG 15684 --- [http-nio-8080-exec-4] o.s.w.s.handler.SimpleUrlHandlerMapping  : Mapped to ResourceHttpRequestHandler ["classpath:/META-INF/resources/", "classpath:/resources/", "classpath:/static/", "classpath:/public/", "/"]
2019-03-09 15:17:08.838 DEBUG 15684 --- [http-nio-8080-exec-2] o.s.web.servlet.DispatcherServlet        : Completed 200 OK
2019-03-09 15:17:08.838 DEBUG 15684 --- [http-nio-8080-exec-4] o.s.web.servlet.DispatcherServlet        : Completed 200 OK
2019-03-09 15:17:08.842 DEBUG 15684 --- [http-nio-8080-exec-7] o.s.web.servlet.DispatcherServlet        : GET "/images/avatar/6.jpg", parameters={}
2019-03-09 15:17:08.844 DEBUG 15684 --- [http-nio-8080-exec-9] o.s.web.servlet.DispatcherServlet        : Completed 200 OK
2019-03-09 15:17:08.844 DEBUG 15684 --- [http-nio-8080-exec-3] o.s.web.servlet.DispatcherServlet        : Completed 200 OK
2019-03-09 15:17:08.846 DEBUG 15684 --- [http-nio-8080-exec-7] o.s.w.s.handler.SimpleUrlHandlerMapping  : Mapped to ResourceHttpRequestHandler ["classpath:/META-INF/resources/", "classpath:/resources/", "classpath:/static/", "classpath:/public/", "/"]
2019-03-09 15:17:08.847 DEBUG 15684 --- [http-nio-8080-exec-1] o.s.web.servlet.DispatcherServlet        : Completed 200 OK
2019-03-09 15:17:08.850 DEBUG 15684 --- [http-nio-8080-exec-7] o.s.web.servlet.DispatcherServlet        : Completed 200 OK
2019-03-09 15:17:08.856 DEBUG 15684 --- [http-nio-8080-exec-6] o.s.web.servlet.DispatcherServlet        : GET "/images/avatar/64-1.jpg", parameters={}
2019-03-09 15:17:08.859 DEBUG 15684 --- [http-nio-8080-exec-6] o.s.w.s.handler.SimpleUrlHandlerMapping  : Mapped to ResourceHttpRequestHandler ["classpath:/META-INF/resources/", "classpath:/resources/", "classpath:/static/", "classpath:/public/", "/"]
2019-03-09 15:17:08.861 DEBUG 15684 --- [http-nio-8080-exec-5] o.s.web.servlet.DispatcherServlet        : GET "/images/avatar/64-2.jpg", parameters={}
2019-03-09 15:17:08.863 DEBUG 15684 --- [http-nio-8080-exec-5] o.s.w.s.handler.SimpleUrlHandlerMapping  : Mapped to ResourceHttpRequestHandler ["classpath:/META-INF/resources/", "classpath:/resources/", "classpath:/static/", "classpath:/public/", "/"]
2019-03-09 15:17:08.864 DEBUG 15684 --- [http-nio-8080-exec-6] o.s.web.servlet.DispatcherServlet        : Completed 200 OK
2019-03-09 15:17:08.867 DEBUG 15684 --- [http-nio-8080-exec-5] o.s.web.servlet.DispatcherServlet        : Completed 200 OK
2019-03-09 15:19:13.512  INFO 15684 --- [Thread-6] o.s.s.concurrent.ThreadPoolTaskExecutor  : Shutting down ExecutorService 'applicationTaskExecutor'
2019-03-09 15:19:13.816  INFO 15684 --- [restartedMain] com.locrep.npm.Npm                       : Starting Npm on DESKTOP-A0Q116Q with PID 15684 (C:\Users\murat\Documents\workspace-spring-tool-suite-4-4.1.1.RELEASE\locrep\target\classes started by murat in C:\Users\murat\Documents\workspace-spring-tool-suite-4-4.1.1.RELEASE\locrep)
2019-03-09 15:19:13.817  INFO 15684 --- [restartedMain] com.locrep.npm.Npm                       : No active profile set, falling back to default profiles: default
2019-03-09 15:19:14.093  INFO 15684 --- [restartedMain] o.s.b.w.embedded.tomcat.TomcatWebServer  : Tomcat initialized with port(s): 8080 (http)
2019-03-09 15:19:14.095  INFO 15684 --- [restartedMain] o.apache.catalina.core.StandardService   : Starting service [Tomcat]
2019-03-09 15:19:14.095  INFO 15684 --- [restartedMain] org.apache.catalina.core.StandardEngine  : Starting Servlet engine: [Apache Tomcat/9.0.16]
2019-03-09 15:19:14.106  INFO 15684 --- [restartedMain] o.a.c.c.C.[Tomcat].[localhost].[/]       : Initializing Spring embedded WebApplicationContext
2019-03-09 15:19:14.106 DEBUG 15684 --- [restartedMain] o.s.web.context.ContextLoader            : Published root WebApplicationContext as ServletContext attribute with name [org.springframework.web.context.WebApplicationContext.ROOT]
2019-03-09 15:19:14.106  INFO 15684 --- [restartedMain] o.s.web.context.ContextLoader            : Root WebApplicationContext: initialization completed in 288 ms
2019-03-09 15:19:14.152 DEBUG 15684 --- [restartedMain] o.s.w.s.handler.SimpleUrlHandlerMapping  : Patterns [/**/favicon.ico] in 'faviconHandlerMapping'
2019-03-09 15:19:14.175  INFO 15684 --- [restartedMain] o.s.s.concurrent.ThreadPoolTaskExecutor  : Initializing ExecutorService 'applicationTaskExecutor'
2019-03-09 15:19:14.177 DEBUG 15684 --- [restartedMain] s.w.s.m.m.a.RequestMappingHandlerAdapter : ControllerAdvice beans: 0 @ModelAttribute, 0 @InitBinder, 1 RequestBodyAdvice, 1 ResponseBodyAdvice
2019-03-09 15:19:14.183 DEBUG 15684 --- [restartedMain] s.w.s.m.m.a.RequestMappingHandlerMapping : 2 mappings in 'requestMappingHandlerMapping'
2019-03-09 15:19:14.185 DEBUG 15684 --- [restartedMain] o.s.w.s.handler.SimpleUrlHandlerMapping  : Patterns [/webjars/**, /**] in 'resourceHandlerMapping'
2019-03-09 15:19:14.189 DEBUG 15684 --- [restartedMain] .m.m.a.ExceptionHandlerExceptionResolver : ControllerAdvice beans: 0 @ExceptionHandler, 1 ResponseBodyAdvice
2019-03-09 15:19:14.193  INFO 15684 --- [restartedMain] o.s.b.a.w.s.WelcomePageHandlerMapping    : Adding welcome page: class path resource [static/index.html]
2019-03-09 15:19:14.252  INFO 15684 --- [restartedMain] o.s.b.d.a.OptionalLiveReloadServer       : LiveReload server is running on port 35729
2019-03-09 15:19:14.256  INFO 15684 --- [restartedMain] o.s.b.a.e.web.EndpointLinksResolver      : Exposing 1 endpoint(s) beneath base path '/actuator'
2019-03-09 15:19:14.278  INFO 15684 --- [restartedMain] o.s.b.w.embedded.tomcat.TomcatWebServer  : Tomcat started on port(s): 8080 (http) with context path ''
2019-03-09 15:19:14.279  INFO 15684 --- [restartedMain] com.locrep.npm.Npm                       : Started Npm in 0.483 seconds (JVM running for 247.201)
2019-03-09 15:19:14.281  INFO 15684 --- [restartedMain] .ConditionEvaluationDeltaLoggingListener : Condition evaluation unchanged
2019-03-09 15:19:26.719  INFO 15684 --- [http-nio-8080-exec-1] o.a.c.c.C.[Tomcat].[localhost].[/]       : Initializing Spring DispatcherServlet 'dispatcherServlet'
2019-03-09 15:19:26.720  INFO 15684 --- [http-nio-8080-exec-1] o.s.web.servlet.DispatcherServlet        : Initializing Servlet 'dispatcherServlet'
2019-03-09 15:19:26.720 DEBUG 15684 --- [http-nio-8080-exec-1] o.s.web.servlet.DispatcherServlet        : Detected StandardServletMultipartResolver
2019-03-09 15:19:26.728 DEBUG 15684 --- [http-nio-8080-exec-1] o.s.web.servlet.DispatcherServlet        : enableLoggingRequestDetails='false': request parameters and headers will be masked to prevent unsafe logging of potentially sensitive data
2019-03-09 15:19:26.729  INFO 15684 --- [http-nio-8080-exec-1] o.s.web.servlet.DispatcherServlet        : Completed initialization in 9 ms
2019-03-09 15:19:26.730 DEBUG 15684 --- [http-nio-8080-exec-1] o.s.web.servlet.DispatcherServlet        : GET "/", parameters={}
2019-03-09 15:19:26.731 DEBUG 15684 --- [http-nio-8080-exec-1] o.s.w.s.v.ContentNegotiatingViewResolver : Selected 'text/html' given [text/html, application/xhtml+xml, image/webp, image/apng, application/xml;q=0.9, */*;q=0.8]
2019-03-09 15:19:26.731 DEBUG 15684 --- [http-nio-8080-exec-1] o.s.w.servlet.view.InternalResourceView  : View name 'forward:', model {}
2019-03-09 15:19:26.732 DEBUG 15684 --- [http-nio-8080-exec-1] o.s.w.servlet.view.InternalResourceView  : Forwarding to [index.html]
2019-03-09 15:19:26.732 DEBUG 15684 --- [http-nio-8080-exec-1] o.s.web.servlet.DispatcherServlet        : "FORWARD" dispatch for GET "/index.html", parameters={}
2019-03-09 15:19:26.732 DEBUG 15684 --- [http-nio-8080-exec-1] o.s.w.s.handler.SimpleUrlHandlerMapping  : Mapped to ResourceHttpRequestHandler ["classpath:/META-INF/resources/", "classpath:/resources/", "classpath:/static/", "classpath:/public/", "/"]
2019-03-09 15:19:26.747 DEBUG 15684 --- [http-nio-8080-exec-1] o.s.web.servlet.DispatcherServlet        : Exiting from "FORWARD" dispatch, status 200
2019-03-09 15:19:26.749 DEBUG 15684 --- [http-nio-8080-exec-1] o.s.web.servlet.DispatcherServlet        : Completed 200 OK
2019-03-09 15:19:26.786 DEBUG 15684 --- [http-nio-8080-exec-2] o.s.web.servlet.DispatcherServlet        : GET "/assets/css/cs-skin-elastic.css", parameters={}
2019-03-09 15:19:26.787 DEBUG 15684 --- [http-nio-8080-exec-3] o.s.web.servlet.DispatcherServlet        : GET "/assets/css/style.css", parameters={}
2019-03-09 15:19:26.787 DEBUG 15684 --- [http-nio-8080-exec-2] o.s.w.s.handler.SimpleUrlHandlerMapping  : Mapped to ResourceHttpRequestHandler ["classpath:/META-INF/resources/", "classpath:/resources/", "classpath:/static/", "classpath:/public/", "/"]
2019-03-09 15:19:26.788 DEBUG 15684 --- [http-nio-8080-exec-3] o.s.w.s.handler.SimpleUrlHandlerMapping  : Mapped to ResourceHttpRequestHandler ["classpath:/META-INF/resources/", "classpath:/resources/", "classpath:/static/", "classpath:/public/", "/"]
2019-03-09 15:19:26.797 DEBUG 15684 --- [http-nio-8080-exec-2] o.s.web.servlet.DispatcherServlet        : Completed 200 OK
2019-03-09 15:19:26.798 DEBUG 15684 --- [http-nio-8080-exec-3] o.s.web.servlet.DispatcherServlet        : Completed 200 OK
2019-03-09 15:19:26.801 DEBUG 15684 --- [http-nio-8080-exec-6] o.s.web.servlet.DispatcherServlet        : GET "/images/logo.png", parameters={}
2019-03-09 15:19:26.801 DEBUG 15684 --- [http-nio-8080-exec-7] o.s.web.servlet.DispatcherServlet        : GET "/images/logo2.png", parameters={}
2019-03-09 15:19:26.802 DEBUG 15684 --- [http-nio-8080-exec-7] o.s.w.s.handler.SimpleUrlHandlerMapping  : Mapped to ResourceHttpRequestHandler ["classpath:/META-INF/resources/", "classpath:/resources/", "classpath:/static/", "classpath:/public/", "/"]
2019-03-09 15:19:26.801 DEBUG 15684 --- [http-nio-8080-exec-4] o.s.web.servlet.DispatcherServlet        : GET "/assets/js/main.js", parameters={}
2019-03-09 15:19:26.802 DEBUG 15684 --- [http-nio-8080-exec-6] o.s.w.s.handler.SimpleUrlHandlerMapping  : Mapped to ResourceHttpRequestHandler ["classpath:/META-INF/resources/", "classpath:/resources/", "classpath:/static/", "classpath:/public/", "/"]
2019-03-09 15:19:26.802 DEBUG 15684 --- [http-nio-8080-exec-4] o.s.w.s.handler.SimpleUrlHandlerMapping  : Mapped to ResourceHttpRequestHandler ["classpath:/META-INF/resources/", "classpath:/resources/", "classpath:/static/", "classpath:/public/", "/"]
2019-03-09 15:19:26.802 DEBUG 15684 --- [http-nio-8080-exec-5] o.s.web.servlet.DispatcherServlet        : GET "/assets/js/init/weather-init.js", parameters={}
2019-03-09 15:19:26.804 DEBUG 15684 --- [http-nio-8080-exec-5] o.s.w.s.handler.SimpleUrlHandlerMapping  : Mapped to ResourceHttpRequestHandler ["classpath:/META-INF/resources/", "classpath:/resources/", "classpath:/static/", "classpath:/public/", "/"]
2019-03-09 15:19:26.805 DEBUG 15684 --- [http-nio-8080-exec-4] o.s.web.servlet.DispatcherServlet        : Completed 200 OK
2019-03-09 15:19:26.805 DEBUG 15684 --- [http-nio-8080-exec-6] o.s.web.servlet.DispatcherServlet        : Completed 200 OK
2019-03-09 15:19:26.805 DEBUG 15684 --- [http-nio-8080-exec-7] o.s.web.servlet.DispatcherServlet        : Completed 200 OK
2019-03-09 15:19:26.811 DEBUG 15684 --- [http-nio-8080-exec-5] o.s.web.servlet.DispatcherServlet        : Completed 200 OK
2019-03-09 15:19:26.811 DEBUG 15684 --- [http-nio-8080-exec-8] o.s.web.servlet.DispatcherServlet        : GET "/assets/js/init/fullcalendar-init.js", parameters={}
2019-03-09 15:19:26.811 DEBUG 15684 --- [http-nio-8080-exec-4] o.s.web.servlet.DispatcherServlet        : GET "/images/avatar/1.jpg", parameters={}
2019-03-09 15:19:26.812 DEBUG 15684 --- [http-nio-8080-exec-4] o.s.w.s.handler.SimpleUrlHandlerMapping  : Mapped to ResourceHttpRequestHandler ["classpath:/META-INF/resources/", "classpath:/resources/", "classpath:/static/", "classpath:/public/", "/"]
2019-03-09 15:19:26.812 DEBUG 15684 --- [http-nio-8080-exec-8] o.s.w.s.handler.SimpleUrlHandlerMapping  : Mapped to ResourceHttpRequestHandler ["classpath:/META-INF/resources/", "classpath:/resources/", "classpath:/static/", "classpath:/public/", "/"]
2019-03-09 15:19:26.815 DEBUG 15684 --- [http-nio-8080-exec-4] o.s.web.servlet.DispatcherServlet        : Completed 200 OK
2019-03-09 15:19:26.816 DEBUG 15684 --- [http-nio-8080-exec-8] o.s.web.servlet.DispatcherServlet        : Completed 200 OK
2019-03-09 15:19:26.822 DEBUG 15684 --- [http-nio-8080-exec-10] o.s.web.servlet.DispatcherServlet        : GET "/images/avatar/2.jpg", parameters={}
2019-03-09 15:19:26.823 DEBUG 15684 --- [http-nio-8080-exec-10] o.s.w.s.handler.SimpleUrlHandlerMapping  : Mapped to ResourceHttpRequestHandler ["classpath:/META-INF/resources/", "classpath:/resources/", "classpath:/static/", "classpath:/public/", "/"]
2019-03-09 15:19:26.823 DEBUG 15684 --- [http-nio-8080-exec-1] o.s.web.servlet.DispatcherServlet        : GET "/images/avatar/3.jpg", parameters={}
2019-03-09 15:19:26.823 DEBUG 15684 --- [http-nio-8080-exec-2] o.s.web.servlet.DispatcherServlet        : GET "/images/avatar/4.jpg", parameters={}
2019-03-09 15:19:26.827 DEBUG 15684 --- [http-nio-8080-exec-1] o.s.w.s.handler.SimpleUrlHandlerMapping  : Mapped to ResourceHttpRequestHandler ["classpath:/META-INF/resources/", "classpath:/resources/", "classpath:/static/", "classpath:/public/", "/"]
2019-03-09 15:19:26.827 DEBUG 15684 --- [http-nio-8080-exec-2] o.s.w.s.handler.SimpleUrlHandlerMapping  : Mapped to ResourceHttpRequestHandler ["classpath:/META-INF/resources/", "classpath:/resources/", "classpath:/static/", "classpath:/public/", "/"]
2019-03-09 15:19:26.829 DEBUG 15684 --- [http-nio-8080-exec-10] o.s.web.servlet.DispatcherServlet        : Completed 200 OK
2019-03-09 15:19:26.831 DEBUG 15684 --- [http-nio-8080-exec-9] o.s.web.servlet.DispatcherServlet        : GET "/images/avatar/6.jpg", parameters={}
2019-03-09 15:19:26.830 DEBUG 15684 --- [http-nio-8080-exec-3] o.s.web.servlet.DispatcherServlet        : GET "/images/admin.jpg", parameters={}
2019-03-09 15:19:26.830 DEBUG 15684 --- [http-nio-8080-exec-1] o.s.web.servlet.DispatcherServlet        : Completed 200 OK
2019-03-09 15:19:26.830 DEBUG 15684 --- [http-nio-8080-exec-2] o.s.web.servlet.DispatcherServlet        : Completed 200 OK
2019-03-09 15:19:26.831 DEBUG 15684 --- [http-nio-8080-exec-6] o.s.web.servlet.DispatcherServlet        : GET "/images/avatar/64-1.jpg", parameters={}
2019-03-09 15:19:26.833 DEBUG 15684 --- [http-nio-8080-exec-6] o.s.w.s.handler.SimpleUrlHandlerMapping  : Mapped to ResourceHttpRequestHandler ["classpath:/META-INF/resources/", "classpath:/resources/", "classpath:/static/", "classpath:/public/", "/"]
2019-03-09 15:19:26.833 DEBUG 15684 --- [http-nio-8080-exec-9] o.s.w.s.handler.SimpleUrlHandlerMapping  : Mapped to ResourceHttpRequestHandler ["classpath:/META-INF/resources/", "classpath:/resources/", "classpath:/static/", "classpath:/public/", "/"]
2019-03-09 15:19:26.833 DEBUG 15684 --- [http-nio-8080-exec-3] o.s.w.s.handler.SimpleUrlHandlerMapping  : Mapped to ResourceHttpRequestHandler ["classpath:/META-INF/resources/", "classpath:/resources/", "classpath:/static/", "classpath:/public/", "/"]
2019-03-09 15:19:26.836 DEBUG 15684 --- [http-nio-8080-exec-9] o.s.web.servlet.DispatcherServlet        : Completed 200 OK
2019-03-09 15:19:26.836 DEBUG 15684 --- [http-nio-8080-exec-7] o.s.web.servlet.DispatcherServlet        : GET "/images/avatar/64-2.jpg", parameters={}
2019-03-09 15:19:26.836 DEBUG 15684 --- [http-nio-8080-exec-3] o.s.web.servlet.DispatcherServlet        : Completed 200 OK
2019-03-09 15:19:26.838 DEBUG 15684 --- [http-nio-8080-exec-6] o.s.web.servlet.DispatcherServlet        : Completed 200 OK
2019-03-09 15:19:26.839 DEBUG 15684 --- [http-nio-8080-exec-7] o.s.w.s.handler.SimpleUrlHandlerMapping  : Mapped to ResourceHttpRequestHandler ["classpath:/META-INF/resources/", "classpath:/resources/", "classpath:/static/", "classpath:/public/", "/"]
2019-03-09 15:19:26.842 DEBUG 15684 --- [http-nio-8080-exec-7] o.s.web.servlet.DispatcherServlet        : Completed 200 OK
2019-03-09 15:19:28.884 DEBUG 15684 --- [http-nio-8080-exec-5] o.s.web.servlet.DispatcherServlet        : GET "/", parameters={}
2019-03-09 15:19:28.888 DEBUG 15684 --- [http-nio-8080-exec-5] o.s.w.s.v.ContentNegotiatingViewResolver : Selected 'text/html' given [text/html, application/xhtml+xml, image/webp, image/apng, application/xml;q=0.9, */*;q=0.8]
2019-03-09 15:19:28.890 DEBUG 15684 --- [http-nio-8080-exec-5] o.s.w.servlet.view.InternalResourceView  : View name 'forward:', model {}
2019-03-09 15:19:28.890 DEBUG 15684 --- [http-nio-8080-exec-5] o.s.w.servlet.view.InternalResourceView  : Forwarding to [index.html]
2019-03-09 15:19:28.890 DEBUG 15684 --- [http-nio-8080-exec-5] o.s.web.servlet.DispatcherServlet        : "FORWARD" dispatch for GET "/index.html", parameters={}
2019-03-09 15:19:28.892 DEBUG 15684 --- [http-nio-8080-exec-5] o.s.w.s.handler.SimpleUrlHandlerMapping  : Mapped to ResourceHttpRequestHandler ["classpath:/META-INF/resources/", "classpath:/resources/", "classpath:/static/", "classpath:/public/", "/"]
2019-03-09 15:19:28.897 DEBUG 15684 --- [http-nio-8080-exec-5] o.s.web.servlet.DispatcherServlet        : Exiting from "FORWARD" dispatch, status 304
2019-03-09 15:19:28.897 DEBUG 15684 --- [http-nio-8080-exec-5] o.s.web.servlet.DispatcherServlet        : Completed 304 NOT_MODIFIED
2019-03-09 15:19:43.904 DEBUG 15684 --- [http-nio-8080-exec-4] o.s.web.servlet.DispatcherServlet        : GET "/", parameters={}
2019-03-09 15:19:43.908 DEBUG 15684 --- [http-nio-8080-exec-4] o.s.w.s.v.ContentNegotiatingViewResolver : Selected 'text/html' given [text/html, application/xhtml+xml, image/webp, image/apng, application/xml;q=0.9, */*;q=0.8]
2019-03-09 15:19:43.909 DEBUG 15684 --- [http-nio-8080-exec-4] o.s.w.servlet.view.InternalResourceView  : View name 'forward:', model {}
2019-03-09 15:19:43.909 DEBUG 15684 --- [http-nio-8080-exec-4] o.s.w.servlet.view.InternalResourceView  : Forwarding to [index.html]
2019-03-09 15:19:43.909 DEBUG 15684 --- [http-nio-8080-exec-4] o.s.web.servlet.DispatcherServlet        : "FORWARD" dispatch for GET "/index.html", parameters={}
2019-03-09 15:19:43.910 DEBUG 15684 --- [http-nio-8080-exec-4] o.s.w.s.handler.SimpleUrlHandlerMapping  : Mapped to ResourceHttpRequestHandler ["classpath:/META-INF/resources/", "classpath:/resources/", "classpath:/static/", "classpath:/public/", "/"]
2019-03-09 15:19:43.913 DEBUG 15684 --- [http-nio-8080-exec-4] o.s.web.servlet.DispatcherServlet        : Exiting from "FORWARD" dispatch, status 200
2019-03-09 15:19:43.913 DEBUG 15684 --- [http-nio-8080-exec-4] o.s.web.servlet.DispatcherServlet        : Completed 200 OK
2019-03-09 15:19:44.236 DEBUG 15684 --- [http-nio-8080-exec-8] o.s.web.servlet.DispatcherServlet        : GET "/assets/css/cs-skin-elastic.css", parameters={}
2019-03-09 15:19:44.236 DEBUG 15684 --- [http-nio-8080-exec-1] o.s.web.servlet.DispatcherServlet        : GET "/assets/css/style.css", parameters={}
2019-03-09 15:19:44.238 DEBUG 15684 --- [http-nio-8080-exec-2] o.s.web.servlet.DispatcherServlet        : GET "/images/logo.png", parameters={}
2019-03-09 15:19:44.237 DEBUG 15684 --- [http-nio-8080-exec-8] o.s.w.s.handler.SimpleUrlHandlerMapping  : Mapped to ResourceHttpRequestHandler ["classpath:/META-INF/resources/", "classpath:/resources/", "classpath:/static/", "classpath:/public/", "/"]
2019-03-09 15:19:44.238 DEBUG 15684 --- [http-nio-8080-exec-10] o.s.web.servlet.DispatcherServlet        : GET "/images/logo2.png", parameters={}
2019-03-09 15:19:44.239 DEBUG 15684 --- [http-nio-8080-exec-1] o.s.w.s.handler.SimpleUrlHandlerMapping  : Mapped to ResourceHttpRequestHandler ["classpath:/META-INF/resources/", "classpath:/resources/", "classpath:/static/", "classpath:/public/", "/"]
2019-03-09 15:19:44.239 DEBUG 15684 --- [http-nio-8080-exec-10] o.s.w.s.handler.SimpleUrlHandlerMapping  : Mapped to ResourceHttpRequestHandler ["classpath:/META-INF/resources/", "classpath:/resources/", "classpath:/static/", "classpath:/public/", "/"]
2019-03-09 15:19:44.239 DEBUG 15684 --- [http-nio-8080-exec-2] o.s.w.s.handler.SimpleUrlHandlerMapping  : Mapped to ResourceHttpRequestHandler ["classpath:/META-INF/resources/", "classpath:/resources/", "classpath:/static/", "classpath:/public/", "/"]
2019-03-09 15:19:44.241 DEBUG 15684 --- [http-nio-8080-exec-8] o.s.web.servlet.DispatcherServlet        : Completed 200 OK
2019-03-09 15:19:44.241 DEBUG 15684 --- [http-nio-8080-exec-10] o.s.web.servlet.DispatcherServlet        : Completed 200 OK
2019-03-09 15:19:44.243 DEBUG 15684 --- [http-nio-8080-exec-1] o.s.web.servlet.DispatcherServlet        : Completed 200 OK
2019-03-09 15:19:44.244 DEBUG 15684 --- [http-nio-8080-exec-2] o.s.web.servlet.DispatcherServlet        : Completed 200 OK
2019-03-09 15:19:44.267 DEBUG 15684 --- [http-nio-8080-exec-9] o.s.web.servlet.DispatcherServlet        : GET "/assets/js/main.js", parameters={}
2019-03-09 15:19:44.267 DEBUG 15684 --- [http-nio-8080-exec-9] o.s.w.s.handler.SimpleUrlHandlerMapping  : Mapped to ResourceHttpRequestHandler ["classpath:/META-INF/resources/", "classpath:/resources/", "classpath:/static/", "classpath:/public/", "/"]
2019-03-09 15:19:44.270 DEBUG 15684 --- [http-nio-8080-exec-6] o.s.web.servlet.DispatcherServlet        : GET "/assets/js/init/fullcalendar-init.js", parameters={}
2019-03-09 15:19:44.270 DEBUG 15684 --- [http-nio-8080-exec-5] o.s.web.servlet.DispatcherServlet        : GET "/images/avatar/2.jpg", parameters={}
2019-03-09 15:19:44.270 DEBUG 15684 --- [http-nio-8080-exec-3] o.s.web.servlet.DispatcherServlet        : GET "/assets/js/init/weather-init.js", parameters={}
2019-03-09 15:19:44.271 DEBUG 15684 --- [http-nio-8080-exec-3] o.s.w.s.handler.SimpleUrlHandlerMapping  : Mapped to ResourceHttpRequestHandler ["classpath:/META-INF/resources/", "classpath:/resources/", "classpath:/static/", "classpath:/public/", "/"]
2019-03-09 15:19:44.271 DEBUG 15684 --- [http-nio-8080-exec-9] o.s.web.servlet.DispatcherServlet        : Completed 200 OK
2019-03-09 15:19:44.271 DEBUG 15684 --- [http-nio-8080-exec-6] o.s.w.s.handler.SimpleUrlHandlerMapping  : Mapped to ResourceHttpRequestHandler ["classpath:/META-INF/resources/", "classpath:/resources/", "classpath:/static/", "classpath:/public/", "/"]
2019-03-09 15:19:44.271 DEBUG 15684 --- [http-nio-8080-exec-5] o.s.w.s.handler.SimpleUrlHandlerMapping  : Mapped to ResourceHttpRequestHandler ["classpath:/META-INF/resources/", "classpath:/resources/", "classpath:/static/", "classpath:/public/", "/"]
2019-03-09 15:19:44.271 DEBUG 15684 --- [http-nio-8080-exec-4] o.s.web.servlet.DispatcherServlet        : GET "/images/avatar/3.jpg", parameters={}
2019-03-09 15:19:44.271 DEBUG 15684 --- [http-nio-8080-exec-7] o.s.web.servlet.DispatcherServlet        : GET "/images/avatar/1.jpg", parameters={}
2019-03-09 15:19:44.273 DEBUG 15684 --- [http-nio-8080-exec-7] o.s.w.s.handler.SimpleUrlHandlerMapping  : Mapped to ResourceHttpRequestHandler ["classpath:/META-INF/resources/", "classpath:/resources/", "classpath:/static/", "classpath:/public/", "/"]
2019-03-09 15:19:44.274 DEBUG 15684 --- [http-nio-8080-exec-10] o.s.web.servlet.DispatcherServlet        : GET "/images/avatar/4.jpg", parameters={}
2019-03-09 15:19:44.273 DEBUG 15684 --- [http-nio-8080-exec-4] o.s.w.s.handler.SimpleUrlHandlerMapping  : Mapped to ResourceHttpRequestHandler ["classpath:/META-INF/resources/", "classpath:/resources/", "classpath:/static/", "classpath:/public/", "/"]
2019-03-09 15:19:44.275 DEBUG 15684 --- [http-nio-8080-exec-10] o.s.w.s.handler.SimpleUrlHandlerMapping  : Mapped to ResourceHttpRequestHandler ["classpath:/META-INF/resources/", "classpath:/resources/", "classpath:/static/", "classpath:/public/", "/"]
2019-03-09 15:19:44.276 DEBUG 15684 --- [http-nio-8080-exec-3] o.s.web.servlet.DispatcherServlet        : Completed 200 OK
2019-03-09 15:19:44.276 DEBUG 15684 --- [http-nio-8080-exec-7] o.s.web.servlet.DispatcherServlet        : Completed 200 OK
2019-03-09 15:19:44.275 DEBUG 15684 --- [http-nio-8080-exec-6] o.s.web.servlet.DispatcherServlet        : Completed 200 OK
2019-03-09 15:19:44.276 DEBUG 15684 --- [http-nio-8080-exec-5] o.s.web.servlet.DispatcherServlet        : Completed 200 OK
2019-03-09 15:19:44.278 DEBUG 15684 --- [http-nio-8080-exec-4] o.s.web.servlet.DispatcherServlet        : Completed 200 OK
2019-03-09 15:19:44.278 DEBUG 15684 --- [http-nio-8080-exec-10] o.s.web.servlet.DispatcherServlet        : Completed 200 OK
2019-03-09 15:19:44.316 DEBUG 15684 --- [http-nio-8080-exec-8] o.s.web.servlet.DispatcherServlet        : GET "/images/admin.jpg", parameters={}
2019-03-09 15:19:44.318 DEBUG 15684 --- [http-nio-8080-exec-1] o.s.web.servlet.DispatcherServlet        : GET "/images/avatar/6.jpg", parameters={}
2019-03-09 15:19:44.319 DEBUG 15684 --- [http-nio-8080-exec-1] o.s.w.s.handler.SimpleUrlHandlerMapping  : Mapped to ResourceHttpRequestHandler ["classpath:/META-INF/resources/", "classpath:/resources/", "classpath:/static/", "classpath:/public/", "/"]
2019-03-09 15:19:44.319 DEBUG 15684 --- [http-nio-8080-exec-2] o.s.web.servlet.DispatcherServlet        : GET "/images/avatar/64-1.jpg", parameters={}
2019-03-09 15:19:44.319 DEBUG 15684 --- [http-nio-8080-exec-8] o.s.w.s.handler.SimpleUrlHandlerMapping  : Mapped to ResourceHttpRequestHandler ["classpath:/META-INF/resources/", "classpath:/resources/", "classpath:/static/", "classpath:/public/", "/"]
2019-03-09 15:19:44.320 DEBUG 15684 --- [http-nio-8080-exec-2] o.s.w.s.handler.SimpleUrlHandlerMapping  : Mapped to ResourceHttpRequestHandler ["classpath:/META-INF/resources/", "classpath:/resources/", "classpath:/static/", "classpath:/public/", "/"]
2019-03-09 15:19:44.324 DEBUG 15684 --- [http-nio-8080-exec-9] o.s.web.servlet.DispatcherServlet        : GET "/images/avatar/64-2.jpg", parameters={}
2019-03-09 15:19:44.326 DEBUG 15684 --- [http-nio-8080-exec-8] o.s.web.servlet.DispatcherServlet        : Completed 200 OK
2019-03-09 15:19:44.327 DEBUG 15684 --- [http-nio-8080-exec-9] o.s.w.s.handler.SimpleUrlHandlerMapping  : Mapped to ResourceHttpRequestHandler ["classpath:/META-INF/resources/", "classpath:/resources/", "classpath:/static/", "classpath:/public/", "/"]
2019-03-09 15:19:44.327 DEBUG 15684 --- [http-nio-8080-exec-2] o.s.web.servlet.DispatcherServlet        : Completed 200 OK
2019-03-09 15:19:44.327 DEBUG 15684 --- [http-nio-8080-exec-1] o.s.web.servlet.DispatcherServlet        : Completed 200 OK
2019-03-09 15:19:44.329 DEBUG 15684 --- [http-nio-8080-exec-9] o.s.web.servlet.DispatcherServlet        : Completed 200 OK
2019-03-09 15:20:11.310  INFO 15684 --- [RMI TCP Connection(2)-127.0.0.1] inMXBeanRegistrar$SpringApplicationAdmin : Application shutdown requested.
2019-03-09 15:20:11.314  INFO 15684 --- [RMI TCP Connection(2)-127.0.0.1] o.s.s.concurrent.ThreadPoolTaskExecutor  : Shutting down ExecutorService 'applicationTaskExecutor'
2019-03-09 15:20:22.078  INFO 11064 --- [restartedMain] com.locrep.npm.Npm                       : Starting Npm on DESKTOP-A0Q116Q with PID 11064 (C:\Users\murat\Documents\workspace-spring-tool-suite-4-4.1.1.RELEASE\locrep\target\classes started by murat in C:\Users\murat\Documents\workspace-spring-tool-suite-4-4.1.1.RELEASE\locrep)
2019-03-09 15:20:22.080  INFO 11064 --- [restartedMain] com.locrep.npm.Npm                       : No active profile set, falling back to default profiles: default
2019-03-09 15:20:22.114  INFO 11064 --- [restartedMain] .e.DevToolsPropertyDefaultsPostProcessor : Devtools property defaults active! Set 'spring.devtools.add-properties' to 'false' to disable
2019-03-09 15:20:22.114  INFO 11064 --- [restartedMain] .e.DevToolsPropertyDefaultsPostProcessor : For additional web related logging consider setting the 'logging.level.web' property to 'DEBUG'
2019-03-09 15:20:23.159  INFO 11064 --- [restartedMain] o.s.b.w.embedded.tomcat.TomcatWebServer  : Tomcat initialized with port(s): 8080 (http)
2019-03-09 15:20:23.178  INFO 11064 --- [restartedMain] o.apache.catalina.core.StandardService   : Starting service [Tomcat]
2019-03-09 15:20:23.179  INFO 11064 --- [restartedMain] org.apache.catalina.core.StandardEngine  : Starting Servlet engine: [Apache Tomcat/9.0.16]
2019-03-09 15:20:23.185  INFO 11064 --- [restartedMain] o.a.catalina.core.AprLifecycleListener   : The APR based Apache Tomcat Native library which allows optimal performance in production environments was not found on the java.library.path: [C:\Program Files\Java\jre1.8.0_192\bin;C:\WINDOWS\Sun\Java\bin;C:\WINDOWS\system32;C:\WINDOWS;C:\Program Files (x86)\Common Files\Oracle\Java\javapath;C:\Program Files (x86)\Intel\iCLS Client\;C:\Program Files\Intel\iCLS Client\;C:\windows\system32;C:\windows;C:\windows\System32\Wbem;C:\windows\System32\WindowsPowerShell\v1.0\;C:\Program Files (x86)\Intel\Intel(R) Management Engine Components\DAL;C:\Program Files\Intel\Intel(R) Management Engine Components\DAL;C:\Program Files (x86)\Intel\Intel(R) Management Engine Components\IPT;C:\Program Files\Intel\Intel(R) Management Engine Components\IPT;C:\Program Files (x86)\NVIDIA Corporation\PhysX\Common;C:\WINDOWS\system32;C:\WINDOWS;C:\WINDOWS\System32\Wbem;C:\WINDOWS\System32\WindowsPowerShell\v1.0\;C:\WINDOWS\System32\OpenSSH\;C:\Program Files\nodejs\;C:\Program Files\Intel\WiFi\bin\;C:\Program Files\Common Files\Intel\WirelessCommon\;C:\Users\murat\AppData\Local\Microsoft\WindowsApps;C:\Users\murat\AppData\Local\GitHubDesktop\bin;C:\Users\murat\AppData\Local\Microsoft\WindowsApps;C:\Users\murat\AppData\Roaming\npm;.]
2019-03-09 15:20:23.261  INFO 11064 --- [restartedMain] o.a.c.c.C.[Tomcat].[localhost].[/]       : Initializing Spring embedded WebApplicationContext
2019-03-09 15:20:23.261 DEBUG 11064 --- [restartedMain] o.s.web.context.ContextLoader            : Published root WebApplicationContext as ServletContext attribute with name [org.springframework.web.context.WebApplicationContext.ROOT]
2019-03-09 15:20:23.261  INFO 11064 --- [restartedMain] o.s.web.context.ContextLoader            : Root WebApplicationContext: initialization completed in 1147 ms
2019-03-09 15:20:23.509 DEBUG 11064 --- [restartedMain] o.s.w.s.handler.SimpleUrlHandlerMapping  : Patterns [/**/favicon.ico] in 'faviconHandlerMapping'
2019-03-09 15:20:23.586  INFO 11064 --- [restartedMain] o.s.s.concurrent.ThreadPoolTaskExecutor  : Initializing ExecutorService 'applicationTaskExecutor'
2019-03-09 15:20:23.593 DEBUG 11064 --- [restartedMain] s.w.s.m.m.a.RequestMappingHandlerAdapter : ControllerAdvice beans: 0 @ModelAttribute, 0 @InitBinder, 1 RequestBodyAdvice, 1 ResponseBodyAdvice
2019-03-09 15:20:23.630 DEBUG 11064 --- [restartedMain] s.w.s.m.m.a.RequestMappingHandlerMapping : 2 mappings in 'requestMappingHandlerMapping'
2019-03-09 15:20:23.641 DEBUG 11064 --- [restartedMain] o.s.w.s.handler.SimpleUrlHandlerMapping  : Patterns [/webjars/**, /**] in 'resourceHandlerMapping'
2019-03-09 15:20:23.648 DEBUG 11064 --- [restartedMain] .m.m.a.ExceptionHandlerExceptionResolver : ControllerAdvice beans: 0 @ExceptionHandler, 1 ResponseBodyAdvice
2019-03-09 15:20:23.661  INFO 11064 --- [restartedMain] o.s.b.a.w.s.WelcomePageHandlerMapping    : Adding welcome page: class path resource [static/index.html]
2019-03-09 15:20:23.806  INFO 11064 --- [restartedMain] o.s.b.d.a.OptionalLiveReloadServer       : LiveReload server is running on port 35729
2019-03-09 15:20:23.811  INFO 11064 --- [restartedMain] o.s.b.a.e.web.EndpointLinksResolver      : Exposing 1 endpoint(s) beneath base path '/actuator'
2019-03-09 15:20:23.874  INFO 11064 --- [restartedMain] o.s.b.w.embedded.tomcat.TomcatWebServer  : Tomcat started on port(s): 8080 (http) with context path ''
2019-03-09 15:20:23.945  INFO 11064 --- [restartedMain] com.locrep.npm.Npm                       : Started Npm in 2.161 seconds (JVM running for 2.884)
2019-03-09 15:20:27.757  INFO 11064 --- [http-nio-8080-exec-1] o.a.c.c.C.[Tomcat].[localhost].[/]       : Initializing Spring DispatcherServlet 'dispatcherServlet'
2019-03-09 15:20:27.758  INFO 11064 --- [http-nio-8080-exec-1] o.s.web.servlet.DispatcherServlet        : Initializing Servlet 'dispatcherServlet'
2019-03-09 15:20:27.759 DEBUG 11064 --- [http-nio-8080-exec-1] o.s.web.servlet.DispatcherServlet        : Detected StandardServletMultipartResolver
2019-03-09 15:20:27.764 DEBUG 11064 --- [http-nio-8080-exec-1] o.s.web.servlet.DispatcherServlet        : enableLoggingRequestDetails='false': request parameters and headers will be masked to prevent unsafe logging of potentially sensitive data
2019-03-09 15:20:27.764  INFO 11064 --- [http-nio-8080-exec-1] o.s.web.servlet.DispatcherServlet        : Completed initialization in 5 ms
2019-03-09 15:20:27.779 DEBUG 11064 --- [http-nio-8080-exec-1] o.s.web.servlet.DispatcherServlet        : GET "/", parameters={}
2019-03-09 15:20:27.790 DEBUG 11064 --- [http-nio-8080-exec-1] o.s.w.s.v.ContentNegotiatingViewResolver : Selected 'text/html' given [text/html, application/xhtml+xml, image/webp, image/apng, application/xml;q=0.9, */*;q=0.8]
2019-03-09 15:20:27.791 DEBUG 11064 --- [http-nio-8080-exec-1] o.s.w.servlet.view.InternalResourceView  : View name 'forward:', model {}
2019-03-09 15:20:27.792 DEBUG 11064 --- [http-nio-8080-exec-1] o.s.w.servlet.view.InternalResourceView  : Forwarding to [index.html]
2019-03-09 15:20:27.794 DEBUG 11064 --- [http-nio-8080-exec-1] o.s.web.servlet.DispatcherServlet        : "FORWARD" dispatch for GET "/index.html", parameters={}
2019-03-09 15:20:27.797 DEBUG 11064 --- [http-nio-8080-exec-1] o.s.w.s.handler.SimpleUrlHandlerMapping  : Mapped to ResourceHttpRequestHandler ["classpath:/META-INF/resources/", "classpath:/resources/", "classpath:/static/", "classpath:/public/", "/"]
2019-03-09 15:20:27.808 DEBUG 11064 --- [http-nio-8080-exec-1] o.s.web.servlet.DispatcherServlet        : Exiting from "FORWARD" dispatch, status 200
2019-03-09 15:20:27.809 DEBUG 11064 --- [http-nio-8080-exec-1] o.s.web.servlet.DispatcherServlet        : Completed 200 OK
2019-03-09 15:20:27.836 DEBUG 11064 --- [http-nio-8080-exec-2] o.s.web.servlet.DispatcherServlet        : GET "/assets/css/cs-skin-elastic.css", parameters={}
2019-03-09 15:20:27.840 DEBUG 11064 --- [http-nio-8080-exec-3] o.s.web.servlet.DispatcherServlet        : GET "/assets/css/style.css", parameters={}
2019-03-09 15:20:27.840 DEBUG 11064 --- [http-nio-8080-exec-2] o.s.w.s.handler.SimpleUrlHandlerMapping  : Mapped to ResourceHttpRequestHandler ["classpath:/META-INF/resources/", "classpath:/resources/", "classpath:/static/", "classpath:/public/", "/"]
2019-03-09 15:20:27.842 DEBUG 11064 --- [http-nio-8080-exec-3] o.s.w.s.handler.SimpleUrlHandlerMapping  : Mapped to ResourceHttpRequestHandler ["classpath:/META-INF/resources/", "classpath:/resources/", "classpath:/static/", "classpath:/public/", "/"]
2019-03-09 15:20:27.842 DEBUG 11064 --- [http-nio-8080-exec-4] o.s.web.servlet.DispatcherServlet        : GET "/images/logo.png", parameters={}
2019-03-09 15:20:27.842 DEBUG 11064 --- [http-nio-8080-exec-5] o.s.web.servlet.DispatcherServlet        : GET "/images/logo2.png", parameters={}
2019-03-09 15:20:27.844 DEBUG 11064 --- [http-nio-8080-exec-5] o.s.w.s.handler.SimpleUrlHandlerMapping  : Mapped to ResourceHttpRequestHandler ["classpath:/META-INF/resources/", "classpath:/resources/", "classpath:/static/", "classpath:/public/", "/"]
2019-03-09 15:20:27.844 DEBUG 11064 --- [http-nio-8080-exec-4] o.s.w.s.handler.SimpleUrlHandlerMapping  : Mapped to ResourceHttpRequestHandler ["classpath:/META-INF/resources/", "classpath:/resources/", "classpath:/static/", "classpath:/public/", "/"]
2019-03-09 15:20:27.848 DEBUG 11064 --- [http-nio-8080-exec-2] o.s.web.servlet.DispatcherServlet        : Completed 200 OK
2019-03-09 15:20:27.850 DEBUG 11064 --- [http-nio-8080-exec-5] o.s.web.servlet.DispatcherServlet        : Completed 200 OK
2019-03-09 15:20:27.850 DEBUG 11064 --- [http-nio-8080-exec-4] o.s.web.servlet.DispatcherServlet        : Completed 200 OK
2019-03-09 15:20:27.850 DEBUG 11064 --- [http-nio-8080-exec-3] o.s.web.servlet.DispatcherServlet        : Completed 200 OK
2019-03-09 15:20:27.853 DEBUG 11064 --- [http-nio-8080-exec-6] o.s.web.servlet.DispatcherServlet        : GET "/assets/js/main.js", parameters={}
2019-03-09 15:20:27.862 DEBUG 11064 --- [http-nio-8080-exec-6] o.s.w.s.handler.SimpleUrlHandlerMapping  : Mapped to ResourceHttpRequestHandler ["classpath:/META-INF/resources/", "classpath:/resources/", "classpath:/static/", "classpath:/public/", "/"]
2019-03-09 15:20:27.866 DEBUG 11064 --- [http-nio-8080-exec-6] o.s.web.servlet.DispatcherServlet        : Completed 200 OK
2019-03-09 15:20:27.867 DEBUG 11064 --- [http-nio-8080-exec-7] o.s.web.servlet.DispatcherServlet        : GET "/assets/js/init/weather-init.js", parameters={}
2019-03-09 15:20:27.868 DEBUG 11064 --- [http-nio-8080-exec-7] o.s.w.s.handler.SimpleUrlHandlerMapping  : Mapped to ResourceHttpRequestHandler ["classpath:/META-INF/resources/", "classpath:/resources/", "classpath:/static/", "classpath:/public/", "/"]
2019-03-09 15:20:27.871 DEBUG 11064 --- [http-nio-8080-exec-8] o.s.web.servlet.DispatcherServlet        : GET "/assets/js/init/fullcalendar-init.js", parameters={}
2019-03-09 15:20:27.872 DEBUG 11064 --- [http-nio-8080-exec-7] o.s.web.servlet.DispatcherServlet        : Completed 200 OK
2019-03-09 15:20:27.874 DEBUG 11064 --- [http-nio-8080-exec-8] o.s.w.s.handler.SimpleUrlHandlerMapping  : Mapped to ResourceHttpRequestHandler ["classpath:/META-INF/resources/", "classpath:/resources/", "classpath:/static/", "classpath:/public/", "/"]
2019-03-09 15:20:27.876 DEBUG 11064 --- [http-nio-8080-exec-2] o.s.web.servlet.DispatcherServlet        : GET "/images/avatar/4.jpg", parameters={}
2019-03-09 15:20:27.876 DEBUG 11064 --- [http-nio-8080-exec-10] o.s.web.servlet.DispatcherServlet        : GET "/images/avatar/2.jpg", parameters={}
2019-03-09 15:20:27.877 DEBUG 11064 --- [http-nio-8080-exec-9] o.s.web.servlet.DispatcherServlet        : GET "/images/avatar/1.jpg", parameters={}
2019-03-09 15:20:27.876 DEBUG 11064 --- [http-nio-8080-exec-1] o.s.web.servlet.DispatcherServlet        : GET "/images/avatar/3.jpg", parameters={}
2019-03-09 15:20:27.878 DEBUG 11064 --- [http-nio-8080-exec-2] o.s.w.s.handler.SimpleUrlHandlerMapping  : Mapped to ResourceHttpRequestHandler ["classpath:/META-INF/resources/", "classpath:/resources/", "classpath:/static/", "classpath:/public/", "/"]
2019-03-09 15:20:27.877 DEBUG 11064 --- [http-nio-8080-exec-3] o.s.web.servlet.DispatcherServlet        : GET "/images/admin.jpg", parameters={}
2019-03-09 15:20:27.878 DEBUG 11064 --- [http-nio-8080-exec-9] o.s.w.s.handler.SimpleUrlHandlerMapping  : Mapped to ResourceHttpRequestHandler ["classpath:/META-INF/resources/", "classpath:/resources/", "classpath:/static/", "classpath:/public/", "/"]
2019-03-09 15:20:27.878 DEBUG 11064 --- [http-nio-8080-exec-10] o.s.w.s.handler.SimpleUrlHandlerMapping  : Mapped to ResourceHttpRequestHandler ["classpath:/META-INF/resources/", "classpath:/resources/", "classpath:/static/", "classpath:/public/", "/"]
2019-03-09 15:20:27.881 DEBUG 11064 --- [http-nio-8080-exec-9] o.s.web.servlet.DispatcherServlet        : Completed 200 OK
2019-03-09 15:20:27.878 DEBUG 11064 --- [http-nio-8080-exec-1] o.s.w.s.handler.SimpleUrlHandlerMapping  : Mapped to ResourceHttpRequestHandler ["classpath:/META-INF/resources/", "classpath:/resources/", "classpath:/static/", "classpath:/public/", "/"]
2019-03-09 15:20:27.879 DEBUG 11064 --- [http-nio-8080-exec-3] o.s.w.s.handler.SimpleUrlHandlerMapping  : Mapped to ResourceHttpRequestHandler ["classpath:/META-INF/resources/", "classpath:/resources/", "classpath:/static/", "classpath:/public/", "/"]
2019-03-09 15:20:27.880 DEBUG 11064 --- [http-nio-8080-exec-10] o.s.web.servlet.DispatcherServlet        : Completed 200 OK
2019-03-09 15:20:27.880 DEBUG 11064 --- [http-nio-8080-exec-2] o.s.web.servlet.DispatcherServlet        : Completed 200 OK
2019-03-09 15:20:27.880 DEBUG 11064 --- [http-nio-8080-exec-8] o.s.web.servlet.DispatcherServlet        : Completed 200 OK
2019-03-09 15:20:27.886 DEBUG 11064 --- [http-nio-8080-exec-1] o.s.web.servlet.DispatcherServlet        : Completed 200 OK
2019-03-09 15:20:27.886 DEBUG 11064 --- [http-nio-8080-exec-3] o.s.web.servlet.DispatcherServlet        : Completed 200 OK
2019-03-09 15:20:27.895 DEBUG 11064 --- [http-nio-8080-exec-5] o.s.web.servlet.DispatcherServlet        : GET "/images/avatar/64-1.jpg", parameters={}
2019-03-09 15:20:27.895 DEBUG 11064 --- [http-nio-8080-exec-6] o.s.web.servlet.DispatcherServlet        : GET "/images/avatar/64-2.jpg", parameters={}
2019-03-09 15:20:27.895 DEBUG 11064 --- [http-nio-8080-exec-4] o.s.web.servlet.DispatcherServlet        : GET "/images/avatar/6.jpg", parameters={}
2019-03-09 15:20:27.896 DEBUG 11064 --- [http-nio-8080-exec-4] o.s.w.s.handler.SimpleUrlHandlerMapping  : Mapped to ResourceHttpRequestHandler ["classpath:/META-INF/resources/", "classpath:/resources/", "classpath:/static/", "classpath:/public/", "/"]
2019-03-09 15:20:27.896 DEBUG 11064 --- [http-nio-8080-exec-5] o.s.w.s.handler.SimpleUrlHandlerMapping  : Mapped to ResourceHttpRequestHandler ["classpath:/META-INF/resources/", "classpath:/resources/", "classpath:/static/", "classpath:/public/", "/"]
2019-03-09 15:20:27.896 DEBUG 11064 --- [http-nio-8080-exec-6] o.s.w.s.handler.SimpleUrlHandlerMapping  : Mapped to ResourceHttpRequestHandler ["classpath:/META-INF/resources/", "classpath:/resources/", "classpath:/static/", "classpath:/public/", "/"]
2019-03-09 15:20:27.899 DEBUG 11064 --- [http-nio-8080-exec-6] o.s.web.servlet.DispatcherServlet        : Completed 200 OK
2019-03-09 15:20:27.899 DEBUG 11064 --- [http-nio-8080-exec-5] o.s.web.servlet.DispatcherServlet        : Completed 200 OK
2019-03-09 15:20:27.899 DEBUG 11064 --- [http-nio-8080-exec-4] o.s.web.servlet.DispatcherServlet        : Completed 200 OK
